[debug] [2022-03-08T01:31:27.940Z] ----------------------------------------------------------------------
[debug] [2022-03-08T01:31:27.941Z] Command:       /Users/tryu/.anyenv/envs/nodenv/versions/16.0.0/bin/node /Users/tryu/.anyenv/envs/nodenv/versions/16.0.0/bin/firebase serve
[debug] [2022-03-08T01:31:27.941Z] CLI Version:   9.18.0
[debug] [2022-03-08T01:31:27.941Z] Platform:      darwin
[debug] [2022-03-08T01:31:27.941Z] Node Version:  v16.0.0
[debug] [2022-03-08T01:31:27.946Z] Time:          Tue Mar 08 2022 10:31:27 GMT+0900 (日本標準時)
[debug] [2022-03-08T01:31:27.946Z] ----------------------------------------------------------------------
[debug] 
[debug] [2022-03-08T01:31:27.969Z] > command requires scopes: ["email","openid","https://www.googleapis.com/auth/cloudplatformprojects.readonly","https://www.googleapis.com/auth/firebase","https://www.googleapis.com/auth/cloud-platform"]
[debug] [2022-03-08T01:31:27.969Z] > authorizing via signed-in user (t.ryu6635@gmail.com)
[debug] [2022-03-08T01:31:27.969Z] [iam] checking project scrape-manga-1b916 for permissions ["firebase.projects.get"]
[debug] [2022-03-08T01:31:27.971Z] >>> HTTP REQUEST POST https://cloudresourcemanager.googleapis.com/v1/projects/scrape-manga-1b916:testIamPermissions  
 {"permissions":["firebase.projects.get"]}
[debug] [2022-03-08T01:31:28.670Z] <<< HTTP RESPONSE 200 {"content-type":"application/json; charset=UTF-8","vary":"X-Origin, Referer, Origin,Accept-Encoding","date":"Tue, 08 Mar 2022 01:31:28 GMT","server":"ESF","cache-control":"private","x-xss-protection":"0","x-frame-options":"SAMEORIGIN","x-content-type-options":"nosniff","server-timing":"gfet4t7; dur=570","alt-svc":"h3=\":443\"; ma=2592000,h3-29=\":443\"; ma=2592000,h3-Q050=\":443\"; ma=2592000,h3-Q046=\":443\"; ma=2592000,h3-Q043=\":443\"; ma=2592000,quic=\":443\"; ma=2592000; v=\"46,43\"","accept-ranges":"none","transfer-encoding":"chunked"}
[debug] [2022-03-08T01:31:28.673Z] > refreshing access token with scopes: []
[debug] [2022-03-08T01:31:28.674Z] >>> HTTP REQUEST POST https://www.googleapis.com/oauth2/v3/token  
 <request body omitted>
[debug] [2022-03-08T01:31:28.805Z] <<< HTTP RESPONSE 200 {"expires":"Mon, 01 Jan 1990 00:00:00 GMT","pragma":"no-cache","date":"Tue, 08 Mar 2022 01:31:28 GMT","cache-control":"no-cache, no-store, max-age=0, must-revalidate","content-type":"application/json; charset=utf-8","vary":"X-Origin, Referer, Origin,Accept-Encoding","server":"scaffolding on HTTPServer2","x-xss-protection":"0","x-frame-options":"SAMEORIGIN","x-content-type-options":"nosniff","alt-svc":"h3=\":443\"; ma=2592000,h3-29=\":443\"; ma=2592000,h3-Q050=\":443\"; ma=2592000,h3-Q046=\":443\"; ma=2592000,h3-Q043=\":443\"; ma=2592000,quic=\":443\"; ma=2592000; v=\"46,43\"","accept-ranges":"none","transfer-encoding":"chunked"}
[debug] [2022-03-08T01:31:28.855Z] >>> [apiv2][query] GET https://firebase.googleapis.com/v1beta1/projects/scrape-manga-1b916 [none]
[debug] [2022-03-08T01:31:29.219Z] <<< [apiv2][status] GET https://firebase.googleapis.com/v1beta1/projects/scrape-manga-1b916 200
[debug] [2022-03-08T01:31:29.219Z] <<< [apiv2][body] GET https://firebase.googleapis.com/v1beta1/projects/scrape-manga-1b916 {"projectId":"scrape-manga-1b916","projectNumber":"199674407015","displayName":"scrape-manga","name":"projects/scrape-manga-1b916","resources":{"hostingSite":"scrape-manga-1b916","storageBucket":"scrape-manga-1b916.appspot.com","locationId":"asia-northeast1"},"state":"ACTIVE"}
[info] 
[info] === Serving from '/Users/tryu/Desktop/scrape_manga'...
[info] 
[warn] ⚠  Your requested "node" version "14" doesn't match your global version "16" {"metadata":{"emulator":{"name":"functions"},"message":"Your requested \"node\" version \"14\" doesn't match your global version \"16\""}}
[debug] [2022-03-08T01:31:29.234Z] defaultcredentials: writing to file /Users/tryu/.config/firebase/t_ryu6635_gmail.com_application_default_credentials.json
[debug] [2022-03-08T01:31:29.235Z] Setting GAC to /Users/tryu/.config/firebase/t_ryu6635_gmail.com_application_default_credentials.json {"metadata":{"emulator":{"name":"functions"},"message":"Setting GAC to /Users/tryu/.config/firebase/t_ryu6635_gmail.com_application_default_credentials.json"}}
[debug] [2022-03-08T01:31:29.236Z] >>> [apiv2][query] GET https://firebase.googleapis.com/v1beta1/projects/scrape-manga-1b916/adminSdkConfig [none]
[debug] [2022-03-08T01:31:29.583Z] <<< [apiv2][status] GET https://firebase.googleapis.com/v1beta1/projects/scrape-manga-1b916/adminSdkConfig 200
[debug] [2022-03-08T01:31:29.584Z] <<< [apiv2][body] GET https://firebase.googleapis.com/v1beta1/projects/scrape-manga-1b916/adminSdkConfig {"projectId":"scrape-manga-1b916","storageBucket":"scrape-manga-1b916.appspot.com","locationId":"asia-northeast1"}
[info] i  functions: Watching "/Users/tryu/Desktop/scrape_manga/functions" for Cloud Functions... {"metadata":{"emulator":{"name":"functions"},"message":"Watching \"/Users/tryu/Desktop/scrape_manga/functions\" for Cloud Functions..."}}
[debug] [2022-03-08T01:31:29.625Z] [worker-pool] addWorker(~diagnostic~) {"metadata":{"emulator":{"name":"functions"},"message":"[worker-pool] addWorker(~diagnostic~)"}}
[debug] [2022-03-08T01:31:29.626Z] [worker-pool] Adding worker with key ~diagnostic~, total=1 {"metadata":{"emulator":{"name":"functions"},"message":"[worker-pool] Adding worker with key ~diagnostic~, total=1"}}
[debug] [2022-03-08T01:31:29.626Z] [worker-pool] submitWork(triggerId=) {"metadata":{"emulator":{"name":"functions"},"message":"[worker-pool] submitWork(triggerId=)"}}
[debug] [2022-03-08T01:31:29.626Z] [worker-~diagnostic~-462b593d-4b06-49c8-bacb-d2b902b387af]: Assigning socketPath: /var/folders/vp/lyx30j9n06ngv0qz2tbpjhbm0000gn/T/fire_emu_55288.sock {"metadata":{"emulator":{"name":"functions"},"message":"[worker-~diagnostic~-462b593d-4b06-49c8-bacb-d2b902b387af]: Assigning socketPath: /var/folders/vp/lyx30j9n06ngv0qz2tbpjhbm0000gn/T/fire_emu_55288.sock"}}
[debug] [2022-03-08T01:31:29.626Z] [worker-~diagnostic~-462b593d-4b06-49c8-bacb-d2b902b387af]: BUSY {"metadata":{"emulator":{"name":"functions"},"message":"[worker-~diagnostic~-462b593d-4b06-49c8-bacb-d2b902b387af]: BUSY"}}
[debug] [2022-03-08T01:31:29.753Z] [runtime-status] [55288] Functions runtime initialized. {"cwd":"/Users/tryu/Desktop/scrape_manga/functions","node_version":"16.0.0"} {"metadata":{"emulator":{"name":"functions"},"message":"[runtime-status] [55288] Functions runtime initialized. {\"cwd\":\"/Users/tryu/Desktop/scrape_manga/functions\",\"node_version\":\"16.0.0\"}"}}
[debug] [2022-03-08T01:31:29.754Z] [runtime-status] [55288] Disabled runtime features: undefined {"metadata":{"emulator":{"name":"functions"},"message":"[runtime-status] [55288] Disabled runtime features: undefined"}}
[debug] [2022-03-08T01:31:29.755Z] [runtime-status] [55288] Resolved module firebase-admin {"declared":true,"installed":true,"version":"10.0.2","resolution":"/Users/tryu/Desktop/scrape_manga/functions/node_modules/firebase-admin/lib/index.js"} {"metadata":{"emulator":{"name":"functions"},"message":"[runtime-status] [55288] Resolved module firebase-admin {\"declared\":true,\"installed\":true,\"version\":\"10.0.2\",\"resolution\":\"/Users/tryu/Desktop/scrape_manga/functions/node_modules/firebase-admin/lib/index.js\"}"}}
[debug] [2022-03-08T01:31:29.756Z] [runtime-status] [55288] Resolved module firebase-functions {"declared":true,"installed":true,"version":"3.18.1","resolution":"/Users/tryu/Desktop/scrape_manga/functions/node_modules/firebase-functions/lib/index.js"} {"metadata":{"emulator":{"name":"functions"},"message":"[runtime-status] [55288] Resolved module firebase-functions {\"declared\":true,\"installed\":true,\"version\":\"3.18.1\",\"resolution\":\"/Users/tryu/Desktop/scrape_manga/functions/node_modules/firebase-functions/lib/index.js\"}"}}
[debug] [2022-03-08T01:31:29.757Z] [runtime-status] [55288] Found local functions config: /Users/tryu/Desktop/scrape_manga/functions/.runtimeconfig.json {"metadata":{"emulator":{"name":"functions"},"message":"[runtime-status] [55288] Found local functions config: /Users/tryu/Desktop/scrape_manga/functions/.runtimeconfig.json"}}
[debug] [2022-03-08T01:31:29.757Z] [runtime-status] [55288] Resolved module firebase-functions {"declared":true,"installed":true,"version":"3.18.1","resolution":"/Users/tryu/Desktop/scrape_manga/functions/node_modules/firebase-functions/lib/index.js"} {"metadata":{"emulator":{"name":"functions"},"message":"[runtime-status] [55288] Resolved module firebase-functions {\"declared\":true,\"installed\":true,\"version\":\"3.18.1\",\"resolution\":\"/Users/tryu/Desktop/scrape_manga/functions/node_modules/firebase-functions/lib/index.js\"}"}}
[debug] [2022-03-08T01:31:29.758Z] [runtime-status] [55288] Outgoing network have been stubbed. [{"name":"http","status":"mocked"},{"name":"http","status":"mocked"},{"name":"https","status":"mocked"},{"name":"https","status":"mocked"},{"name":"net","status":"mocked"}] {"metadata":{"emulator":{"name":"functions"},"message":"[runtime-status] [55288] Outgoing network have been stubbed. [{\"name\":\"http\",\"status\":\"mocked\"},{\"name\":\"http\",\"status\":\"mocked\"},{\"name\":\"https\",\"status\":\"mocked\"},{\"name\":\"https\",\"status\":\"mocked\"},{\"name\":\"net\",\"status\":\"mocked\"}]"}}
[debug] [2022-03-08T01:31:29.758Z] [runtime-status] [55288] Resolved module firebase-functions {"declared":true,"installed":true,"version":"3.18.1","resolution":"/Users/tryu/Desktop/scrape_manga/functions/node_modules/firebase-functions/lib/index.js"} {"metadata":{"emulator":{"name":"functions"},"message":"[runtime-status] [55288] Resolved module firebase-functions {\"declared\":true,\"installed\":true,\"version\":\"3.18.1\",\"resolution\":\"/Users/tryu/Desktop/scrape_manga/functions/node_modules/firebase-functions/lib/index.js\"}"}}
[debug] [2022-03-08T01:31:29.779Z] [runtime-status] [55288] Checked functions.config() {"config":{"kaikatsu_manga_arrival_list_url":{"page1":"https://www.navi-comi.com/20488/arrival-list/?page=1","base":"https://www.navi-comi.com/20488/arrival-list/?page="},"html":{"arrival_detail_class":".arrival_detail","arrival_date_class":".arrival_date","pager_id":"#list_footer .pager"},"gmail":{"email":"t.ryu6635@gmail.com","password":"jaxcdxghhdwvtemb"}}} {"metadata":{"emulator":{"name":"functions"},"message":"[runtime-status] [55288] Checked functions.config() {\"config\":{\"kaikatsu_manga_arrival_list_url\":{\"page1\":\"https://www.navi-comi.com/20488/arrival-list/?page=1\",\"base\":\"https://www.navi-comi.com/20488/arrival-list/?page=\"},\"html\":{\"arrival_detail_class\":\".arrival_detail\",\"arrival_date_class\":\".arrival_date\",\"pager_id\":\"#list_footer .pager\"},\"gmail\":{\"email\":\"t.ryu6635@gmail.com\",\"password\":\"jaxcdxghhdwvtemb\"}}}"}}
[debug] [2022-03-08T01:31:29.780Z] [runtime-status] [55288] firebase-functions has been stubbed. {"functionsResolution":{"declared":true,"installed":true,"version":"3.18.1","resolution":"/Users/tryu/Desktop/scrape_manga/functions/node_modules/firebase-functions/lib/index.js"}} {"metadata":{"emulator":{"name":"functions"},"message":"[runtime-status] [55288] firebase-functions has been stubbed. {\"functionsResolution\":{\"declared\":true,\"installed\":true,\"version\":\"3.18.1\",\"resolution\":\"/Users/tryu/Desktop/scrape_manga/functions/node_modules/firebase-functions/lib/index.js\"}}"}}
[debug] [2022-03-08T01:31:29.780Z] [runtime-status] [55288] Resolved module firebase-functions {"declared":true,"installed":true,"version":"3.18.1","resolution":"/Users/tryu/Desktop/scrape_manga/functions/node_modules/firebase-functions/lib/index.js"} {"metadata":{"emulator":{"name":"functions"},"message":"[runtime-status] [55288] Resolved module firebase-functions {\"declared\":true,\"installed\":true,\"version\":\"3.18.1\",\"resolution\":\"/Users/tryu/Desktop/scrape_manga/functions/node_modules/firebase-functions/lib/index.js\"}"}}
[debug] [2022-03-08T01:31:29.780Z] [runtime-status] [55288] Resolved module firebase-admin {"declared":true,"installed":true,"version":"10.0.2","resolution":"/Users/tryu/Desktop/scrape_manga/functions/node_modules/firebase-admin/lib/index.js"} {"metadata":{"emulator":{"name":"functions"},"message":"[runtime-status] [55288] Resolved module firebase-admin {\"declared\":true,\"installed\":true,\"version\":\"10.0.2\",\"resolution\":\"/Users/tryu/Desktop/scrape_manga/functions/node_modules/firebase-admin/lib/index.js\"}"}}
[debug] [2022-03-08T01:31:29.780Z] [runtime-status] [55288] Resolved module firebase-functions {"declared":true,"installed":true,"version":"3.18.1","resolution":"/Users/tryu/Desktop/scrape_manga/functions/node_modules/firebase-functions/lib/index.js"} {"metadata":{"emulator":{"name":"functions"},"message":"[runtime-status] [55288] Resolved module firebase-functions {\"declared\":true,\"installed\":true,\"version\":\"3.18.1\",\"resolution\":\"/Users/tryu/Desktop/scrape_manga/functions/node_modules/firebase-functions/lib/index.js\"}"}}
[debug] [2022-03-08T01:31:29.780Z] [runtime-status] [55288] firebase-admin has been stubbed. {"adminResolution":{"declared":true,"installed":true,"version":"10.0.2","resolution":"/Users/tryu/Desktop/scrape_manga/functions/node_modules/firebase-admin/lib/index.js"}} {"metadata":{"emulator":{"name":"functions"},"message":"[runtime-status] [55288] firebase-admin has been stubbed. {\"adminResolution\":{\"declared\":true,\"installed\":true,\"version\":\"10.0.2\",\"resolution\":\"/Users/tryu/Desktop/scrape_manga/functions/node_modules/firebase-admin/lib/index.js\"}}"}}
[warn] ⚠  It looks like you're trying to access functions.config().firebase but there is no value there. You can learn more about setting up config here: https://firebase.google.com/docs/functions/local-emulator {"metadata":{"emulator":{"name":"functions"},"message":"It looks like you're trying to access functions.config().firebase but there is no value there. You can learn more about setting up config here: https://firebase.google.com/docs/functions/local-emulator"}}
[debug] [2022-03-08T01:31:30.017Z] [runtime-status] [55288] initializeApp(DEFAULT) {"storageBucket":"scrape-manga-1b916.appspot.com","projectId":"scrape-manga-1b916"} {"metadata":{"emulator":{"name":"functions"},"message":"[runtime-status] [55288] initializeApp(DEFAULT) {\"storageBucket\":\"scrape-manga-1b916.appspot.com\",\"projectId\":\"scrape-manga-1b916\"}"}}
[warn] ⚠  functions: The Cloud Firestore emulator is not running, so calls to Firestore will affect production. {"metadata":{"emulator":{"name":"functions"},"message":"The Cloud Firestore emulator is not running, so calls to Firestore will affect production."}}
[debug] [2022-03-08T01:31:30.032Z] [worker-~diagnostic~-462b593d-4b06-49c8-bacb-d2b902b387af]: IDLE {"metadata":{"emulator":{"name":"functions"},"message":"[worker-~diagnostic~-462b593d-4b06-49c8-bacb-d2b902b387af]: IDLE"}}
[warn] ⚠  Google API requested!
   - URL: "https://oauth2.googleapis.com/token"
   - Be careful, this may be a production service. {"metadata":{"emulator":{"name":"functions"},"message":"Google API requested!\n   - URL: \"https://oauth2.googleapis.com/token\"\n   - Be careful, this may be a production service."}}
[info] >  QuerySnapshot { {"user":"QuerySnapshot {","metadata":{"emulator":{"name":"functions"},"message":"\u001b[90m> \u001b[39m QuerySnapshot {"}}
[info] >    _query: CollectionReference { {"user":"  _query: CollectionReference {","metadata":{"emulator":{"name":"functions"},"message":"\u001b[90m> \u001b[39m   _query: CollectionReference {"}}
[info] >      _firestore: Firestore { {"user":"    _firestore: Firestore {","metadata":{"emulator":{"name":"functions"},"message":"\u001b[90m> \u001b[39m     _firestore: Firestore {"}}
[info] >        _settings: [Object], {"user":"      _settings: [Object],","metadata":{"emulator":{"name":"functions"},"message":"\u001b[90m> \u001b[39m       _settings: [Object],"}}
[info] >        _settingsFrozen: true, {"user":"      _settingsFrozen: true,","metadata":{"emulator":{"name":"functions"},"message":"\u001b[90m> \u001b[39m       _settingsFrozen: true,"}}
[info] >        _serializer: [Serializer], {"user":"      _serializer: [Serializer],","metadata":{"emulator":{"name":"functions"},"message":"\u001b[90m> \u001b[39m       _serializer: [Serializer],"}}
[info] >        _projectId: 'scrape-manga-1b916', {"user":"      _projectId: 'scrape-manga-1b916',","metadata":{"emulator":{"name":"functions"},"message":"\u001b[90m> \u001b[39m       _projectId: 'scrape-manga-1b916',"}}
[info] >        registeredListenersCount: 0, {"user":"      registeredListenersCount: 0,","metadata":{"emulator":{"name":"functions"},"message":"\u001b[90m> \u001b[39m       registeredListenersCount: 0,"}}
[info] >        bulkWritersCount: 0, {"user":"      bulkWritersCount: 0,","metadata":{"emulator":{"name":"functions"},"message":"\u001b[90m> \u001b[39m       bulkWritersCount: 0,"}}
[info] >        _backoffSettings: [Object], {"user":"      _backoffSettings: [Object],","metadata":{"emulator":{"name":"functions"},"message":"\u001b[90m> \u001b[39m       _backoffSettings: [Object],"}}
[info] >        _clientPool: [ClientPool] {"user":"      _clientPool: [ClientPool]","metadata":{"emulator":{"name":"functions"},"message":"\u001b[90m> \u001b[39m       _clientPool: [ClientPool]"}}
[info] >      }, {"user":"    },","metadata":{"emulator":{"name":"functions"},"message":"\u001b[90m> \u001b[39m     },"}}
[info] >      _queryOptions: QueryOptions { {"user":"    _queryOptions: QueryOptions {","metadata":{"emulator":{"name":"functions"},"message":"\u001b[90m> \u001b[39m     _queryOptions: QueryOptions {"}}
[info] >        parentPath: [ResourcePath], {"user":"      parentPath: [ResourcePath],","metadata":{"emulator":{"name":"functions"},"message":"\u001b[90m> \u001b[39m       parentPath: [ResourcePath],"}}
[info] >        collectionId: 'mangalist', {"user":"      collectionId: 'mangalist',","metadata":{"emulator":{"name":"functions"},"message":"\u001b[90m> \u001b[39m       collectionId: 'mangalist',"}}
[info] >        converter: [Object], {"user":"      converter: [Object],","metadata":{"emulator":{"name":"functions"},"message":"\u001b[90m> \u001b[39m       converter: [Object],"}}
[info] >        allDescendants: false, {"user":"      allDescendants: false,","metadata":{"emulator":{"name":"functions"},"message":"\u001b[90m> \u001b[39m       allDescendants: false,"}}
[info] >        fieldFilters: [], {"user":"      fieldFilters: [],","metadata":{"emulator":{"name":"functions"},"message":"\u001b[90m> \u001b[39m       fieldFilters: [],"}}
[info] >        fieldOrders: [], {"user":"      fieldOrders: [],","metadata":{"emulator":{"name":"functions"},"message":"\u001b[90m> \u001b[39m       fieldOrders: [],"}}
[info] >        startAt: undefined, {"user":"      startAt: undefined,","metadata":{"emulator":{"name":"functions"},"message":"\u001b[90m> \u001b[39m       startAt: undefined,"}}
[info] >        endAt: undefined, {"user":"      endAt: undefined,","metadata":{"emulator":{"name":"functions"},"message":"\u001b[90m> \u001b[39m       endAt: undefined,"}}
[info] >        limit: undefined, {"user":"      limit: undefined,","metadata":{"emulator":{"name":"functions"},"message":"\u001b[90m> \u001b[39m       limit: undefined,"}}
[info] >        limitType: undefined, {"user":"      limitType: undefined,","metadata":{"emulator":{"name":"functions"},"message":"\u001b[90m> \u001b[39m       limitType: undefined,"}}
[info] >        offset: undefined, {"user":"      offset: undefined,","metadata":{"emulator":{"name":"functions"},"message":"\u001b[90m> \u001b[39m       offset: undefined,"}}
[info] >        projection: undefined, {"user":"      projection: undefined,","metadata":{"emulator":{"name":"functions"},"message":"\u001b[90m> \u001b[39m       projection: undefined,"}}
[info] >        kindless: false, {"user":"      kindless: false,","metadata":{"emulator":{"name":"functions"},"message":"\u001b[90m> \u001b[39m       kindless: false,"}}
[info] >        requireConsistency: true {"user":"      requireConsistency: true","metadata":{"emulator":{"name":"functions"},"message":"\u001b[90m> \u001b[39m       requireConsistency: true"}}
[info] >      }, {"user":"    },","metadata":{"emulator":{"name":"functions"},"message":"\u001b[90m> \u001b[39m     },"}}
[info] >      _serializer: Serializer { {"user":"    _serializer: Serializer {","metadata":{"emulator":{"name":"functions"},"message":"\u001b[90m> \u001b[39m     _serializer: Serializer {"}}
[info] >        createReference: [Function (anonymous)], {"user":"      createReference: [Function (anonymous)],","metadata":{"emulator":{"name":"functions"},"message":"\u001b[90m> \u001b[39m       createReference: [Function (anonymous)],"}}
[info] >        createInteger: [Function (anonymous)], {"user":"      createInteger: [Function (anonymous)],","metadata":{"emulator":{"name":"functions"},"message":"\u001b[90m> \u001b[39m       createInteger: [Function (anonymous)],"}}
[info] >        allowUndefined: false {"user":"      allowUndefined: false","metadata":{"emulator":{"name":"functions"},"message":"\u001b[90m> \u001b[39m       allowUndefined: false"}}
[info] >      }, {"user":"    },","metadata":{"emulator":{"name":"functions"},"message":"\u001b[90m> \u001b[39m     },"}}
[info] >      _allowUndefined: false {"user":"    _allowUndefined: false","metadata":{"emulator":{"name":"functions"},"message":"\u001b[90m> \u001b[39m     _allowUndefined: false"}}
[info] >    }, {"user":"  },","metadata":{"emulator":{"name":"functions"},"message":"\u001b[90m> \u001b[39m   },"}}
[info] >    _readTime: Timestamp { _seconds: 1646703090, _nanoseconds: 544844000 }, {"user":"  _readTime: Timestamp { _seconds: 1646703090, _nanoseconds: 544844000 },","metadata":{"emulator":{"name":"functions"},"message":"\u001b[90m> \u001b[39m   _readTime: Timestamp { _seconds: 1646703090, _nanoseconds: 544844000 },"}}
[info] >    _size: 2, {"user":"  _size: 2,","metadata":{"emulator":{"name":"functions"},"message":"\u001b[90m> \u001b[39m   _size: 2,"}}
[info] >    _materializedDocs: null, {"user":"  _materializedDocs: null,","metadata":{"emulator":{"name":"functions"},"message":"\u001b[90m> \u001b[39m   _materializedDocs: null,"}}
[info] >    _materializedChanges: null, {"user":"  _materializedChanges: null,","metadata":{"emulator":{"name":"functions"},"message":"\u001b[90m> \u001b[39m   _materializedChanges: null,"}}
[info] >    _docs: [Function (anonymous)], {"user":"  _docs: [Function (anonymous)],","metadata":{"emulator":{"name":"functions"},"message":"\u001b[90m> \u001b[39m   _docs: [Function (anonymous)],"}}
[info] >    _changes: [Function (anonymous)] {"user":"  _changes: [Function (anonymous)]","metadata":{"emulator":{"name":"functions"},"message":"\u001b[90m> \u001b[39m   _changes: [Function (anonymous)]"}}
[info] >  } {"user":"}","metadata":{"emulator":{"name":"functions"},"message":"\u001b[90m> \u001b[39m }"}}
